running develop
running egg_info
writing c4.egg-info/PKG-INFO
writing dependency_links to c4.egg-info/dependency_links.txt
writing entry points to c4.egg-info/entry_points.txt
writing requirements to c4.egg-info/requires.txt
writing top-level names to c4.egg-info/top_level.txt
reading manifest file 'c4.egg-info/SOURCES.txt'
writing manifest file 'c4.egg-info/SOURCES.txt'
running build_ext
Creating /home/rokey/rokey3_C4_ws/install/c4/lib/python3.10/site-packages/c4.egg-link (link to .)
Installing capture_image script to /home/rokey/rokey3_C4_ws/install/c4/lib/c4
Installing cont_capture_image script to /home/rokey/rokey3_C4_ws/install/c4/lib/c4
Installing create_path script to /home/rokey/rokey3_C4_ws/install/c4/lib/c4
Installing depth_checker script to /home/rokey/rokey3_C4_ws/install/c4/lib/c4
Installing depth_to_3d script to /home/rokey/rokey3_C4_ws/install/c4/lib/c4
Installing depth_to_3d3 script to /home/rokey/rokey3_C4_ws/install/c4/lib/c4
Installing depth_to_3d_modified_1 script to /home/rokey/rokey3_C4_ws/install/c4/lib/c4
Installing depth_to_3d_modified_2 script to /home/rokey/rokey3_C4_ws/install/c4/lib/c4
Installing depth_to_3d_origin script to /home/rokey/rokey3_C4_ws/install/c4/lib/c4
Installing depth_to_nav_goal script to /home/rokey/rokey3_C4_ws/install/c4/lib/c4
Installing depth_to_nav_goal3 script to /home/rokey/rokey3_C4_ws/install/c4/lib/c4
Installing depth_to_nav_goal_origin script to /home/rokey/rokey3_C4_ws/install/c4/lib/c4
Installing follow_waypoints script to /home/rokey/rokey3_C4_ws/install/c4/lib/c4
Installing mail_delivery script to /home/rokey/rokey3_C4_ws/install/c4/lib/c4
Installing msg_to_goal script to /home/rokey/rokey3_C4_ws/install/c4/lib/c4
Installing nav_person script to /home/rokey/rokey3_C4_ws/install/c4/lib/c4
Installing nav_person2 script to /home/rokey/rokey3_C4_ws/install/c4/lib/c4
Installing nav_through_poses script to /home/rokey/rokey3_C4_ws/install/c4/lib/c4
Installing nav_to_person script to /home/rokey/rokey3_C4_ws/install/c4/lib/c4
Installing nav_to_pose script to /home/rokey/rokey3_C4_ws/install/c4/lib/c4
Installing nav_to_pose_modified script to /home/rokey/rokey3_C4_ws/install/c4/lib/c4
Installing obj_detect script to /home/rokey/rokey3_C4_ws/install/c4/lib/c4
Installing obj_detect_thread script to /home/rokey/rokey3_C4_ws/install/c4/lib/c4
Installing obj_detect_track script to /home/rokey/rokey3_C4_ws/install/c4/lib/c4
Installing patrol_loop script to /home/rokey/rokey3_C4_ws/install/c4/lib/c4
Installing pub_data script to /home/rokey/rokey3_C4_ws/install/c4/lib/c4
Installing pub_image script to /home/rokey/rokey3_C4_ws/install/c4/lib/c4
Installing pub_yolo script to /home/rokey/rokey3_C4_ws/install/c4/lib/c4
Installing robot_control script to /home/rokey/rokey3_C4_ws/install/c4/lib/c4
Installing robot_control1 script to /home/rokey/rokey3_C4_ws/install/c4/lib/c4
Installing robot_control2 script to /home/rokey/rokey3_C4_ws/install/c4/lib/c4
Installing robot_control_4 script to /home/rokey/rokey3_C4_ws/install/c4/lib/c4
Installing robot_detect script to /home/rokey/rokey3_C4_ws/install/c4/lib/c4
Installing robot_detect_0 script to /home/rokey/rokey3_C4_ws/install/c4/lib/c4
Installing robot_detect_1 script to /home/rokey/rokey3_C4_ws/install/c4/lib/c4
Installing robot_detect_2 script to /home/rokey/rokey3_C4_ws/install/c4/lib/c4
Installing robot_detect_3 script to /home/rokey/rokey3_C4_ws/install/c4/lib/c4
Installing show_data script to /home/rokey/rokey3_C4_ws/install/c4/lib/c4
Installing show_image script to /home/rokey/rokey3_C4_ws/install/c4/lib/c4
Installing show_yolo script to /home/rokey/rokey3_C4_ws/install/c4/lib/c4
Installing view_image_select script to /home/rokey/rokey3_C4_ws/install/c4/lib/c4
Installing yolo_depth script to /home/rokey/rokey3_C4_ws/install/c4/lib/c4

Installed /home/rokey/rokey3_C4_ws/build/c4
running symlink_data
