[0.563s] Invoking command in '/home/rokey/rokey3_C4_ws/build/c4': PYTHONPATH=/home/rokey/rokey3_C4_ws/build/c4/prefix_override:/usr/lib/python3/dist-packages/colcon_core/task/python/colcon_distutils_commands:/home/rokey/rokey3_C4_ws/install/c4/lib/python3.10/site-packages:${PYTHONPATH} /usr/bin/python3 -W ignore:setup.py install is deprecated -W ignore:easy_install command is deprecated setup.py develop --editable --build-directory /home/rokey/rokey3_C4_ws/build/c4/build --no-deps symlink_data
[0.724s] running develop
[0.828s] running egg_info
[0.828s] writing c4.egg-info/PKG-INFO
[0.829s] writing dependency_links to c4.egg-info/dependency_links.txt
[0.829s] writing entry points to c4.egg-info/entry_points.txt
[0.829s] writing requirements to c4.egg-info/requires.txt
[0.829s] writing top-level names to c4.egg-info/top_level.txt
[0.830s] reading manifest file 'c4.egg-info/SOURCES.txt'
[0.831s] writing manifest file 'c4.egg-info/SOURCES.txt'
[0.832s] running build_ext
[0.832s] Creating /home/rokey/rokey3_C4_ws/install/c4/lib/python3.10/site-packages/c4.egg-link (link to .)
[0.833s] Installing capture_image script to /home/rokey/rokey3_C4_ws/install/c4/lib/c4
[0.833s] Installing cont_capture_image script to /home/rokey/rokey3_C4_ws/install/c4/lib/c4
[0.833s] Installing create_path script to /home/rokey/rokey3_C4_ws/install/c4/lib/c4
[0.833s] Installing depth_checker script to /home/rokey/rokey3_C4_ws/install/c4/lib/c4
[0.833s] Installing depth_to_3d script to /home/rokey/rokey3_C4_ws/install/c4/lib/c4
[0.833s] Installing depth_to_3d3 script to /home/rokey/rokey3_C4_ws/install/c4/lib/c4
[0.833s] Installing depth_to_3d_modified_1 script to /home/rokey/rokey3_C4_ws/install/c4/lib/c4
[0.833s] Installing depth_to_3d_modified_2 script to /home/rokey/rokey3_C4_ws/install/c4/lib/c4
[0.833s] Installing depth_to_3d_origin script to /home/rokey/rokey3_C4_ws/install/c4/lib/c4
[0.833s] Installing depth_to_nav_goal script to /home/rokey/rokey3_C4_ws/install/c4/lib/c4
[0.833s] Installing depth_to_nav_goal3 script to /home/rokey/rokey3_C4_ws/install/c4/lib/c4
[0.833s] Installing depth_to_nav_goal_origin script to /home/rokey/rokey3_C4_ws/install/c4/lib/c4
[0.834s] Installing follow_waypoints script to /home/rokey/rokey3_C4_ws/install/c4/lib/c4
[0.834s] Installing mail_delivery script to /home/rokey/rokey3_C4_ws/install/c4/lib/c4
[0.834s] Installing msg_to_goal script to /home/rokey/rokey3_C4_ws/install/c4/lib/c4
[0.834s] Installing nav_person script to /home/rokey/rokey3_C4_ws/install/c4/lib/c4
[0.834s] Installing nav_person2 script to /home/rokey/rokey3_C4_ws/install/c4/lib/c4
[0.834s] Installing nav_through_poses script to /home/rokey/rokey3_C4_ws/install/c4/lib/c4
[0.834s] Installing nav_to_person script to /home/rokey/rokey3_C4_ws/install/c4/lib/c4
[0.834s] Installing nav_to_pose script to /home/rokey/rokey3_C4_ws/install/c4/lib/c4
[0.834s] Installing nav_to_pose_modified script to /home/rokey/rokey3_C4_ws/install/c4/lib/c4
[0.834s] Installing obj_detect script to /home/rokey/rokey3_C4_ws/install/c4/lib/c4
[0.834s] Installing obj_detect_thread script to /home/rokey/rokey3_C4_ws/install/c4/lib/c4
[0.834s] Installing obj_detect_track script to /home/rokey/rokey3_C4_ws/install/c4/lib/c4
[0.834s] Installing patrol_loop script to /home/rokey/rokey3_C4_ws/install/c4/lib/c4
[0.834s] Installing pub_data script to /home/rokey/rokey3_C4_ws/install/c4/lib/c4
[0.834s] Installing pub_image script to /home/rokey/rokey3_C4_ws/install/c4/lib/c4
[0.834s] Installing pub_yolo script to /home/rokey/rokey3_C4_ws/install/c4/lib/c4
[0.834s] Installing robot_control script to /home/rokey/rokey3_C4_ws/install/c4/lib/c4
[0.834s] Installing robot_control1 script to /home/rokey/rokey3_C4_ws/install/c4/lib/c4
[0.834s] Installing robot_control2 script to /home/rokey/rokey3_C4_ws/install/c4/lib/c4
[0.834s] Installing robot_control_4 script to /home/rokey/rokey3_C4_ws/install/c4/lib/c4
[0.834s] Installing robot_detect script to /home/rokey/rokey3_C4_ws/install/c4/lib/c4
[0.834s] Installing robot_detect_0 script to /home/rokey/rokey3_C4_ws/install/c4/lib/c4
[0.834s] Installing robot_detect_1 script to /home/rokey/rokey3_C4_ws/install/c4/lib/c4
[0.834s] Installing robot_detect_2 script to /home/rokey/rokey3_C4_ws/install/c4/lib/c4
[0.834s] Installing robot_detect_3 script to /home/rokey/rokey3_C4_ws/install/c4/lib/c4
[0.834s] Installing show_data script to /home/rokey/rokey3_C4_ws/install/c4/lib/c4
[0.834s] Installing show_image script to /home/rokey/rokey3_C4_ws/install/c4/lib/c4
[0.834s] Installing show_yolo script to /home/rokey/rokey3_C4_ws/install/c4/lib/c4
[0.834s] Installing view_image_select script to /home/rokey/rokey3_C4_ws/install/c4/lib/c4
[0.834s] Installing yolo_depth script to /home/rokey/rokey3_C4_ws/install/c4/lib/c4
[0.834s] 
[0.834s] Installed /home/rokey/rokey3_C4_ws/build/c4
[0.834s] running symlink_data
[0.851s] Invoked command in '/home/rokey/rokey3_C4_ws/build/c4' returned '0': PYTHONPATH=/home/rokey/rokey3_C4_ws/build/c4/prefix_override:/usr/lib/python3/dist-packages/colcon_core/task/python/colcon_distutils_commands:/home/rokey/rokey3_C4_ws/install/c4/lib/python3.10/site-packages:${PYTHONPATH} /usr/bin/python3 -W ignore:setup.py install is deprecated -W ignore:easy_install command is deprecated setup.py develop --editable --build-directory /home/rokey/rokey3_C4_ws/build/c4/build --no-deps symlink_data
