[0.545s] Invoking command in '/home/rokey/rokey3_C4_ws/build/my_package': PYTHONPATH=/home/rokey/rokey3_C4_ws/build/my_package/prefix_override:/usr/lib/python3/dist-packages/colcon_core/task/python/colcon_distutils_commands:/home/rokey/rokey3_C4_ws/install/my_package/lib/python3.10/site-packages:${PYTHONPATH} /usr/bin/python3 -W ignore:setup.py install is deprecated -W ignore:easy_install command is deprecated setup.py develop --editable --build-directory /home/rokey/rokey3_C4_ws/build/my_package/build --no-deps symlink_data
[0.704s] running develop
[0.808s] running egg_info
[0.808s] writing my_package.egg-info/PKG-INFO
[0.808s] writing dependency_links to my_package.egg-info/dependency_links.txt
[0.808s] writing entry points to my_package.egg-info/entry_points.txt
[0.808s] writing requirements to my_package.egg-info/requires.txt
[0.808s] writing top-level names to my_package.egg-info/top_level.txt
[0.810s] reading manifest file 'my_package.egg-info/SOURCES.txt'
[0.811s] writing manifest file 'my_package.egg-info/SOURCES.txt'
[0.811s] running build_ext
[0.812s] Creating /home/rokey/rokey3_C4_ws/install/my_package/lib/python3.10/site-packages/my-package.egg-link (link to .)
[0.812s] Installing pub_data script to /home/rokey/rokey3_C4_ws/install/my_package/lib/my_package
[0.812s] Installing pub_image script to /home/rokey/rokey3_C4_ws/install/my_package/lib/my_package
[0.812s] Installing pub_yolo script to /home/rokey/rokey3_C4_ws/install/my_package/lib/my_package
[0.812s] Installing show_data script to /home/rokey/rokey3_C4_ws/install/my_package/lib/my_package
[0.812s] Installing show_image script to /home/rokey/rokey3_C4_ws/install/my_package/lib/my_package
[0.812s] Installing show_yolo script to /home/rokey/rokey3_C4_ws/install/my_package/lib/my_package
[0.812s] 
[0.812s] Installed /home/rokey/rokey3_C4_ws/build/my_package
[0.812s] running symlink_data
[0.828s] Invoked command in '/home/rokey/rokey3_C4_ws/build/my_package' returned '0': PYTHONPATH=/home/rokey/rokey3_C4_ws/build/my_package/prefix_override:/usr/lib/python3/dist-packages/colcon_core/task/python/colcon_distutils_commands:/home/rokey/rokey3_C4_ws/install/my_package/lib/python3.10/site-packages:${PYTHONPATH} /usr/bin/python3 -W ignore:setup.py install is deprecated -W ignore:easy_install command is deprecated setup.py develop --editable --build-directory /home/rokey/rokey3_C4_ws/build/my_package/build --no-deps symlink_data
